#
# There is insufficient memory for the Java Runtime Environment to continue.
# Native memory allocation (malloc) failed to allocate 369856 bytes for Chunk::new
# Possible reasons:
#   The system is out of physical RAM or swap space
#   In 32 bit mode, the process size limit was hit
# Possible solutions:
#   Reduce memory load on the system
#   Increase physical memory or swap space
#   Check if swap backing store is full
#   Use 64 bit Java on a 64 bit OS
#   Decrease Java heap size (-Xmx/-Xms)
#   Decrease number of Java threads
#   Decrease Java thread stack sizes (-Xss)
#   Set larger code cache with -XX:ReservedCodeCacheSize=
# This output file may be truncated or incomplete.
#
#  Out of Memory Error (allocation.cpp:390), pid=16464, tid=0x0000000000004d70
#
# JRE version: OpenJDK Runtime Environment (8.0) (build 1.8.0-adoptopenjdk-_2018_05_19_00_59-b00)
# Java VM: OpenJDK 64-Bit Server VM (25.71-b00 mixed mode windows-amd64 compressed oops)
# Failed to write core dump. Minidumps are not enabled by default on client versions of Windows
#

---------------  T H R E A D  ---------------

Current thread (0x0000000016cff800):  JavaThread "C2 CompilerThread1" daemon [_thread_in_native, id=19824, stack(0x00000000175d0000,0x00000000176d0000)]

Stack: [0x00000000175d0000,0x00000000176d0000]
[error occurred during error reporting (printing stack bounds), id 0xc0000005]

Native frames: (J=compiled Java code, j=interpreted, Vv=VM code, C=native code)


Current CompileTask:
C2:   1061 1360   !   4       com.sun.org.apache.xerces.internal.impl.XMLDocumentFragmentScannerImpl$FragmentContentDriver::next (2346 bytes)


---------------  P R O C E S S  ---------------

Java Threads: ( => current thread )
  0x0000000016d8d800 JavaThread "Service Thread" daemon [_thread_blocked, id=9868, stack(0x00000000178d0000,0x00000000179d0000)]
  0x0000000016d10000 JavaThread "C1 CompilerThread3" daemon [_thread_in_native, id=19724, stack(0x00000000177d0000,0x00000000178d0000)]
  0x0000000016d02800 JavaThread "C2 CompilerThread2" daemon [_thread_in_native, id=4692, stack(0x00000000176d0000,0x00000000177d0000)]
=>0x0000000016cff800 JavaThread "C2 CompilerThread1" daemon [_thread_in_native, id=19824, stack(0x00000000175d0000,0x00000000176d0000)]
  0x0000000016cfc000 JavaThread "C2 CompilerThread0" daemon [_thread_in_native, id=7228, stack(0x00000000174d0000,0x00000000175d0000)]
  0x0000000016d0d800 JavaThread "Attach Listener" daemon [_thread_blocked, id=22008, stack(0x00000000173d0000,0x00000000174d0000)]
  0x0000000014de4000 JavaThread "Signal Dispatcher" daemon [_thread_blocked, id=23064, stack(0x00000000172d0000,0x00000000173d0000)]
  0x0000000016cf0800 JavaThread "Finalizer" daemon [_thread_blocked, id=22784, stack(0x00000000170d0000,0x00000000171d0000)]
  0x00000000028db000 JavaThread "Reference Handler" daemon [_thread_blocked, id=12140, stack(0x0000000016bd0000,0x0000000016cd0000)]
  0x00000000027e4800 JavaThread "main" [_thread_in_Java, id=21648, stack(0x00000000026e0000,0x00000000027e0000)]

Other Threads:
  0x0000000014dd7800 VMThread [stack: 0x0000000016ad0000,0x0000000016bd0000] [id=23468]
  0x0000000016d8e800 WatcherThread [stack: 0x00000000179d0000,0x0000000017ad0000] [id=22200]

VM state:not at safepoint (normal execution)

VM Mutex/Monitor currently owned by a thread: None

Heap:
 PSYoungGen      total 16384K, used 13252K [0x00000000ee200000, 0x00000000ef400000, 0x0000000100000000)
  eden space 14336K, 78% used [0x00000000ee200000,0x00000000eecf7168,0x00000000ef000000)
  from space 2048K, 98% used [0x00000000ef000000,0x00000000ef1f9fa8,0x00000000ef200000)
  to   space 2048K, 0% used [0x00000000ef200000,0x00000000ef200000,0x00000000ef400000)
 ParOldGen       total 36864K, used 1138K [0x00000000ca600000, 0x00000000cca00000, 0x00000000ee200000)
  object space 36864K, 3% used [0x00000000ca600000,0x00000000ca71c9d0,0x00000000cca00000)
 Metaspace       used 13581K, capacity 13854K, committed 14080K, reserved 1060864K
  class space    used 1611K, capacity 1693K, committed 1792K, reserved 1048576K

Card table byte_map: [0x0000000011ca0000,0x0000000011e50000] byte_map_base: 0x000000001164d000

Marking Bits: (ParMarkBitMap*) 0x000000006fd9be50
 Begin Bits: [0x0000000012770000, 0x00000000134d8000)
 End Bits:   [0x00000000134d8000, 0x0000000014240000)

Polling page: 0x0000000002610000

CodeCache: size=245760Kb used=4869Kb max_used=4880Kb free=240890Kb
 bounds [0x00000000028e0000, 0x0000000002db0000, 0x00000000118e0000]
 total_blobs=1752 nmethods=1381 adapters=286
 compilation: enabled

Compilation events (10 events):
Event: 1.056 Thread 0x0000000016d10000 nmethod 1386 0x0000000002d8e710 code [0x0000000002d8e8a0, 0x0000000002d8ec68]
Event: 1.056 Thread 0x0000000016d10000 1384       3       com.sun.org.apache.xerces.internal.impl.dv.xs.DecimalDV::compare (12 bytes)
Event: 1.056 Thread 0x0000000016d10000 nmethod 1384 0x0000000002d9c090 code [0x0000000002d9c200, 0x0000000002d9c5e8]
Event: 1.056 Thread 0x0000000016d10000 1385       3       com.sun.org.apache.xerces.internal.impl.dv.xs.DecimalDV$XDecimal::compareTo (48 bytes)
Event: 1.057 Thread 0x0000000016d10000 nmethod 1385 0x0000000002d8d1d0 code [0x0000000002d8d340, 0x0000000002d8d5c8]
Event: 1.057 Thread 0x0000000016d10000 1387       3       com.sun.org.apache.xerces.internal.impl.dv.xs.XSSimpleTypeDecl::validate (68 bytes)
Event: 1.057 Thread 0x0000000016d10000 nmethod 1387 0x0000000002d9c6d0 code [0x0000000002d9c880, 0x0000000002d9cdc8]
Event: 1.057 Thread 0x0000000016d10000 1374   !   3       com.sun.xml.internal.bind.v2.ClassFactory::create0 (249 bytes)
Event: 1.059 Thread 0x0000000016d10000 nmethod 1374 0x0000000002d9cfd0 code [0x0000000002d9d540, 0x0000000002da0e78]
Event: 1.060 Thread 0x0000000016d10000 1390       3       com.sun.org.apache.xerces.internal.impl.xpath.regex.RegularExpression::match (1844 bytes)

GC Heap History (2 events):
Event: 0.509 GC heap before
{Heap before GC invocations=1 (full 0):
 PSYoungGen      total 16384K, used 14336K [0x00000000ee200000, 0x00000000ef400000, 0x0000000100000000)
  eden space 14336K, 100% used [0x00000000ee200000,0x00000000ef000000,0x00000000ef000000)
  from space 2048K, 0% used [0x00000000ef200000,0x00000000ef200000,0x00000000ef400000)
  to   space 2048K, 0% used [0x00000000ef000000,0x00000000ef000000,0x00000000ef200000)
 ParOldGen       total 36864K, used 0K [0x00000000ca600000, 0x00000000cca00000, 0x00000000ee200000)
  object space 36864K, 0% used [0x00000000ca600000,0x00000000ca600000,0x00000000cca00000)
 Metaspace       used 8044K, capacity 8296K, committed 8576K, reserved 1056768K
  class space    used 952K, capacity 1044K, committed 1152K, reserved 1048576K
Event: 0.515 GC heap after
Heap after GC invocations=1 (full 0):
 PSYoungGen      total 16384K, used 2023K [0x00000000ee200000, 0x00000000ef400000, 0x0000000100000000)
  eden space 14336K, 0% used [0x00000000ee200000,0x00000000ee200000,0x00000000ef000000)
  from space 2048K, 98% used [0x00000000ef000000,0x00000000ef1f9fa8,0x00000000ef200000)
  to   space 2048K, 0% used [0x00000000ef200000,0x00000000ef200000,0x00000000ef400000)
 ParOldGen       total 36864K, used 1138K [0x00000000ca600000, 0x00000000cca00000, 0x00000000ee200000)
  object space 36864K, 3% used [0x00000000ca600000,0x00000000ca71c9d0,0x00000000cca00000)
 Metaspace       used 8044K, capacity 8296K, committed 8576K, reserved 1056768K
  class space    used 952K, capacity 1044K, committed 1152K, reserved 1048576K
}

Deoptimization events (10 events):
Event: 0.623 Thread 0x00000000027e4800 Uncommon trap: reason=unstable_if action=reinterpret pc=0x0000000002bc2e18 method=java.util.HashMap.getNode(ILjava/lang/Object;)Ljava/util/HashMap$Node; @ 129
Event: 0.623 Thread 0x00000000027e4800 Uncommon trap: reason=unstable_if action=reinterpret pc=0x0000000002bbaa18 method=java.util.HashMap.getNode(ILjava/lang/Object;)Ljava/util/HashMap$Node; @ 129
Event: 0.632 Thread 0x00000000027e4800 Uncommon trap: reason=range_check action=make_not_entrant pc=0x0000000002bc33a0 method=sun.reflect.generics.parser.SignatureParser.current()C @ 34
Event: 0.749 Thread 0x00000000027e4800 Uncommon trap: reason=unstable_if action=reinterpret pc=0x0000000002b00958 method=sun.misc.MetaIndex.mayContain(Ljava/lang/String;)Z @ 38
Event: 0.803 Thread 0x00000000027e4800 Uncommon trap: reason=unstable_if action=reinterpret pc=0x0000000002bb87bc method=java.lang.AbstractStringBuilder.append(Ljava/lang/String;)Ljava/lang/AbstractStringBuilder; @ 1
Event: 0.931 Thread 0x00000000027e4800 Uncommon trap: reason=unstable_if action=reinterpret pc=0x0000000002afe1b0 method=java.lang.AbstractStringBuilder.append(Ljava/lang/String;)Ljava/lang/AbstractStringBuilder; @ 1
Event: 0.973 Thread 0x00000000027e4800 Uncommon trap: reason=unstable_if action=reinterpret pc=0x0000000002ca6c0c method=java.util.regex.Pattern$Ctype.isSatisfiedBy(I)Z @ 4
Event: 0.975 Thread 0x00000000027e4800 Uncommon trap: reason=unstable_if action=reinterpret pc=0x0000000002cabd48 method=java.util.regex.Pattern$NotBehind.match(Ljava/util/regex/Matcher;ILjava/lang/CharSequence;)Z @ 128
Event: 1.042 Thread 0x00000000027e4800 Uncommon trap: reason=unstable_if action=reinterpret pc=0x0000000002ccd274 method=com.sun.org.apache.xerces.internal.impl.XMLEntityScanner.checkBeforeLoad(Lcom/sun/xml/internal/stream/Entity$ScannedEntity;II)I @ 18
Event: 1.050 Thread 0x00000000027e4800 Uncommon trap: reason=unstable_if action=reinterpret pc=0x0000000002d17a90 method=com.sun.org.apache.xerces.internal.impl.XMLEntityScanner.scanContent(Lcom/sun/org/apache/xerces/internal/xni/XMLString;)I @ 418

Classes redefined (0 events):
No events

Internal exceptions (10 events):
Event: 0.633 Thread 0x00000000027e4800 Exception <a 'java/lang/ArrayIndexOutOfBoundsException': 56> (0x00000000ee49cec8) thrown at [C:\Users\jenkins\workspace\openjdk8_build_x86-64_windows\openjdk\hotspot\src\share\vm\interpreter\interpreterRuntime.cpp, line 366]
Event: 0.633 Thread 0x00000000027e4800 Exception <a 'java/lang/ArrayIndexOutOfBoundsException': 56> (0x00000000ee49dbf8) thrown at [C:\Users\jenkins\workspace\openjdk8_build_x86-64_windows\openjdk\hotspot\src\share\vm\interpreter\interpreterRuntime.cpp, line 366]
Event: 0.633 Thread 0x00000000027e4800 Exception <a 'java/lang/ArrayIndexOutOfBoundsException': 72> (0x00000000ee49ec58) thrown at [C:\Users\jenkins\workspace\openjdk8_build_x86-64_windows\openjdk\hotspot\src\share\vm\interpreter\interpreterRuntime.cpp, line 366]
Event: 0.633 Thread 0x00000000027e4800 Exception <a 'java/lang/ArrayIndexOutOfBoundsException': 74> (0x00000000ee49fb80) thrown at [C:\Users\jenkins\workspace\openjdk8_build_x86-64_windows\openjdk\hotspot\src\share\vm\interpreter\interpreterRuntime.cpp, line 366]
Event: 0.633 Thread 0x00000000027e4800 Exception <a 'java/lang/ArrayIndexOutOfBoundsException': 76> (0x00000000ee4a0bc0) thrown at [C:\Users\jenkins\workspace\openjdk8_build_x86-64_windows\openjdk\hotspot\src\share\vm\interpreter\interpreterRuntime.cpp, line 366]
Event: 0.633 Thread 0x00000000027e4800 Exception <a 'java/lang/ArrayIndexOutOfBoundsException': 74> (0x00000000ee4a1b20) thrown at [C:\Users\jenkins\workspace\openjdk8_build_x86-64_windows\openjdk\hotspot\src\share\vm\interpreter\interpreterRuntime.cpp, line 366]
Event: 0.633 Thread 0x00000000027e4800 Exception <a 'java/lang/ArrayIndexOutOfBoundsException': 56> (0x00000000ee4a2cc8) thrown at [C:\Users\jenkins\workspace\openjdk8_build_x86-64_windows\openjdk\hotspot\src\share\vm\interpreter\interpreterRuntime.cpp, line 366]
Event: 0.633 Thread 0x00000000027e4800 Exception <a 'java/lang/ArrayIndexOutOfBoundsException': 56> (0x00000000ee4a39e8) thrown at [C:\Users\jenkins\workspace\openjdk8_build_x86-64_windows\openjdk\hotspot\src\share\vm\interpreter\interpreterRuntime.cpp, line 366]
Event: 0.803 Thread 0x00000000027e4800 Implicit null exception at 0x0000000002bb8414 to 0x0000000002bb87a5
Event: 0.931 Thread 0x00000000027e4800 Implicit null exception at 0x0000000002afde16 to 0x0000000002afe199

Events (10 events):
Event: 1.042 Thread 0x00000000027e4800 Uncommon trap: trap_request=0xffffff65 fr.pc=0x0000000002ccd274
Event: 1.042 Thread 0x00000000027e4800 DEOPT PACKING pc=0x0000000002ccd274 sp=0x00000000027de430
Event: 1.042 Thread 0x00000000027e4800 DEOPT UNPACKING pc=0x000000000292557b sp=0x00000000027de3a8 mode 2
Event: 1.050 Thread 0x00000000027e4800 Uncommon trap: trap_request=0xffffff65 fr.pc=0x0000000002d17a90
Event: 1.050 Thread 0x00000000027e4800 DEOPT PACKING pc=0x0000000002d17a90 sp=0x00000000027de5e0
Event: 1.050 Thread 0x00000000027e4800 DEOPT UNPACKING pc=0x000000000292557b sp=0x00000000027de588 mode 2
Event: 1.050 Thread 0x00000000027e4800 DEOPT PACKING pc=0x0000000002d733fd sp=0x00000000027de340
Event: 1.050 Thread 0x00000000027e4800 DEOPT UNPACKING pc=0x00000000029271d0 sp=0x00000000027de108 mode 0
Event: 1.059 Thread 0x00000000027e4800 DEOPT PACKING pc=0x0000000002d733fd sp=0x00000000027de180
Event: 1.059 Thread 0x00000000027e4800 DEOPT UNPACKING pc=0x00000000029271d0 sp=0x00000000027ddf48 mode 0


Dynamic libraries:
0x00007ff6a4250000 - 0x00007ff6a4285000 	C:\Program Files\Unity\Hub\Editor\2020.3.30f1\Editor\Data\PlaybackEngines\AndroidPlayer\OpenJDK\bin\java.exe
0x00007ffc3c1f0000 - 0x00007ffc3c3e8000 	C:\windows\SYSTEM32\ntdll.dll
0x00007ffc08780000 - 0x00007ffc08797000 	C:\Program Files\AVG\Antivirus\aswhook.dll
0x00007ffc3aed0000 - 0x00007ffc3af8d000 	C:\windows\System32\KERNEL32.DLL
0x00007ffc39da0000 - 0x00007ffc3a072000 	C:\windows\System32\KERNELBASE.dll
0x00007ffc3abd0000 - 0x00007ffc3ac7e000 	C:\windows\System32\ADVAPI32.dll
0x00007ffc3ac80000 - 0x00007ffc3ad1e000 	C:\windows\System32\msvcrt.dll
0x00007ffc3b540000 - 0x00007ffc3b5dc000 	C:\windows\System32\sechost.dll
0x00007ffc3b240000 - 0x00007ffc3b365000 	C:\windows\System32\RPCRT4.dll
0x00007ffc3c010000 - 0x00007ffc3c1ad000 	C:\windows\System32\USER32.dll
0x00007ffc39ce0000 - 0x00007ffc39d02000 	C:\windows\System32\win32u.dll
0x00007ffc3bf20000 - 0x00007ffc3bf4b000 	C:\windows\System32\GDI32.dll
0x00007ffc39bd0000 - 0x00007ffc39cdf000 	C:\windows\System32\gdi32full.dll
0x00007ffc3a080000 - 0x00007ffc3a11d000 	C:\windows\System32\msvcp_win.dll
0x00007ffc3a150000 - 0x00007ffc3a250000 	C:\windows\System32\ucrtbase.dll
0x00007ffc134a0000 - 0x00007ffc1373a000 	C:\windows\WinSxS\amd64_microsoft.windows.common-controls_6595b64144ccf1df_6.0.19041.1110_none_60b5254171f9507e\COMCTL32.dll
0x00007ffc3b510000 - 0x00007ffc3b540000 	C:\windows\System32\IMM32.DLL
0x000000006fe20000 - 0x000000006fef2000 	C:\Program Files\Unity\Hub\Editor\2020.3.30f1\Editor\Data\PlaybackEngines\AndroidPlayer\OpenJDK\jre\bin\msvcr100.dll
0x000000006f5d0000 - 0x000000006fe19000 	C:\Program Files\Unity\Hub\Editor\2020.3.30f1\Editor\Data\PlaybackEngines\AndroidPlayer\OpenJDK\jre\bin\server\jvm.dll
0x00007ffc3b6d0000 - 0x00007ffc3b6d8000 	C:\windows\System32\PSAPI.DLL
0x00007ffc2dbb0000 - 0x00007ffc2dbd7000 	C:\windows\SYSTEM32\WINMM.dll
0x00007ffc32720000 - 0x00007ffc3272a000 	C:\windows\SYSTEM32\VERSION.dll
0x00007ffc245d0000 - 0x00007ffc245d9000 	C:\windows\SYSTEM32\WSOCK32.dll
0x00007ffc3b420000 - 0x00007ffc3b48b000 	C:\windows\System32\WS2_32.dll
0x00007ffc336d0000 - 0x00007ffc336df000 	C:\Program Files\Unity\Hub\Editor\2020.3.30f1\Editor\Data\PlaybackEngines\AndroidPlayer\OpenJDK\jre\bin\verify.dll
0x00007ffc271a0000 - 0x00007ffc271c9000 	C:\Program Files\Unity\Hub\Editor\2020.3.30f1\Editor\Data\PlaybackEngines\AndroidPlayer\OpenJDK\jre\bin\java.dll
0x00007ffc15480000 - 0x00007ffc15496000 	C:\Program Files\Unity\Hub\Editor\2020.3.30f1\Editor\Data\PlaybackEngines\AndroidPlayer\OpenJDK\jre\bin\zip.dll
0x00007ffc3b7d0000 - 0x00007ffc3bf13000 	C:\windows\System32\SHELL32.dll
0x00007ffc379c0000 - 0x00007ffc38151000 	C:\windows\SYSTEM32\windows.storage.dll
0x00007ffc3a790000 - 0x00007ffc3aae4000 	C:\windows\System32\combase.dll
0x00007ffc392f0000 - 0x00007ffc39320000 	C:\windows\SYSTEM32\Wldp.dll
0x00007ffc3bf60000 - 0x00007ffc3c00d000 	C:\windows\System32\SHCORE.dll
0x00007ffc3b6e0000 - 0x00007ffc3b735000 	C:\windows\System32\shlwapi.dll
0x00007ffc39840000 - 0x00007ffc3985f000 	C:\windows\SYSTEM32\profapi.dll
0x00007ffbdb970000 - 0x00007ffbdb98a000 	C:\Program Files\Unity\Hub\Editor\2020.3.30f1\Editor\Data\PlaybackEngines\AndroidPlayer\OpenJDK\jre\bin\net.dll
0x00007ffc38fe0000 - 0x00007ffc3904a000 	C:\windows\system32\mswsock.dll
0x00007ffbdb950000 - 0x00007ffbdb961000 	C:\Program Files\Unity\Hub\Editor\2020.3.30f1\Editor\Data\PlaybackEngines\AndroidPlayer\OpenJDK\jre\bin\nio.dll

VM Arguments:
jvm_args: -Dfile.encoding=UTF-8 -Dcom.android.sdklib.toolsdir=C:\Program Files\Unity\Hub\Editor\2020.3.30f1\Editor\Data\PlaybackEngines\AndroidPlayer\SDK\tools\bin\\.. 
java_command: com.android.sdklib.tool.sdkmanager.SdkManagerCli --list
java_class_path (initial): C:\Program Files\Unity\Hub\Editor\2020.3.30f1\Editor\Data\PlaybackEngines\AndroidPlayer\SDK\tools\bin\..\lib\dvlib-26.0.0-dev.jar;C:\Program Files\Unity\Hub\Editor\2020.3.30f1\Editor\Data\PlaybackEngines\AndroidPlayer\SDK\tools\bin\..\lib\jimfs-1.1.jar;C:\Program Files\Unity\Hub\Editor\2020.3.30f1\Editor\Data\PlaybackEngines\AndroidPlayer\SDK\tools\bin\..\lib\jsr305-1.3.9.jar;C:\Program Files\Unity\Hub\Editor\2020.3.30f1\Editor\Data\PlaybackEngines\AndroidPlayer\SDK\tools\bin\..\lib\repository-26.0.0-dev.jar;C:\Program Files\Unity\Hub\Editor\2020.3.30f1\Editor\Data\PlaybackEngines\AndroidPlayer\SDK\tools\bin\..\lib\j2objc-annotations-1.1.jar;C:\Program Files\Unity\Hub\Editor\2020.3.30f1\Editor\Data\PlaybackEngines\AndroidPlayer\SDK\tools\bin\..\lib\layoutlib-api-26.0.0-dev.jar;C:\Program Files\Unity\Hub\Editor\2020.3.30f1\Editor\Data\PlaybackEngines\AndroidPlayer\SDK\tools\bin\..\lib\gson-2.3.jar;C:\Program Files\Unity\Hub\Editor\2020.3.30f1\Editor\Data\PlaybackEngines\AndroidPlayer\SDK\tools\bin\..\lib\httpcore-4.2.5.jar;C:\Program Files\Unity\Hub\Editor\2020.3.30f1\Editor\Data\PlaybackEngines\AndroidPlayer\SDK\tools\bin\..\lib\commons-logging-1.1.1.jar;C:\Program Files\Unity\Hub\Editor\2020.3.30f1\Editor\Data\PlaybackEngines\AndroidPlayer\SDK\tools\bin\..\lib\commons-compress-1.12.jar;C:\Program Files\Unity\Hub\Editor\2020.3.30f1\Editor\Data\PlaybackEngines\AndroidPlayer\SDK\tools\bin\..\lib\annotations-26.0.0-dev.jar;C:\Program Files\Unity\Hub\Editor\2020.3.30f1\Editor\Data\PlaybackEngines\AndroidPlayer\SDK\tools\bin\..\lib\error_prone_annotations-2.0.18.jar;C:\Program Files\Unity\Hub\Editor\2020.3.30f1\Editor\Data\PlaybackEngines\AndroidPlayer\SDK\tools\bin\..\lib\animal-sniffer-annotations-1.14.jar;C:\Program Files\Unity\Hub\Editor\2020.3.30f1\Editor\Data\PlaybackEngines\AndroidPlayer\SDK\tools\bin\..\lib\httpclient-4.2.6.jar;C:\Program Files\Unity\Hub\Editor\2020.3.30f1\Editor\Data\PlaybackEngines\AndroidPlayer\SDK\tools\bin\..\lib
Launcher Type: SUN_STANDARD

Environment Variables:
JAVA_HOME=C:\Program Files\Unity\Hub\Editor\2020.3.30f1\Editor\Data\PlaybackEngines\AndroidPlayer\OpenJDK
JAVA_TOOL_OPTIONS=-Dfile.encoding=UTF-8
PATH=C:\ProgramData\Oracle\Java\javapath;C:\windows\system32;C:\windows;C:\windows\System32\Wbem;C:\windows\System32\WindowsPowerShell\v1.0\;C:\windows\System32\OpenSSH\;C:\Program Files\Git\cmd;C:\Program Files\Calibre2\;C:\Users\pahry\AppData\Local\Programs\Python\Python310\Scripts\;C:\Users\pahry\AppData\Local\Programs\Python\Python310\;C:\Users\pahry\AppData\Local\Microsoft\WindowsApps;;C:\Users\pahry\AppData\Local\Programs\Microsoft VS Code\bin;C:\Program Files\heroku\bin
USERNAME=pahry
OS=Windows_NT
PROCESSOR_IDENTIFIER=AMD64 Family 23 Model 104 Stepping 1, AuthenticAMD



---------------  S Y S T E M  ---------------

OS: Windows 10.0 , 64 bit Build 19041 (10.0.19041.1889)

CPU:total 8 (initial active 8) (8 cores per cpu, 1 threads per core) family 23 model 104 stepping 1, cmov, cx8, fxsr, mmx, sse, sse2, sse3, ssse3, sse4.1, sse4.2, popcnt, avx, avx2, aes, clmul, mmxext, 3dnowpref, lzcnt, sse4a, tsc, tscinvbit, tscinv, bmi1

Memory: 4k page, physical 3507464k(168748k free), swap 14517512k(5112k free)

vm_info: OpenJDK 64-Bit Server VM (25.71-b00) for windows-amd64 JRE (1.8.0-adoptopenjdk-_2018_05_19_00_59-b00), built on May 19 2018 01:02:12 by "jenkins" with MS VC++ 10.0 (VS2010)

time: Sun Oct 23 22:12:41 2022
elapsed time: 1 seconds (0d 0h 0m 1s)

